C51 COMPILER V9.53.0.0   LED_BLINK                                                         01/03/2019 13:10:35 PAGE 1   


C51 COMPILER V9.53.0.0, COMPILATION OF MODULE LED_BLINK
OBJECT MODULE PLACED IN LED_BLINK.OBJ
COMPILER INVOKED BY: C:\Keil_v5\C51\BIN\C51.EXE LED_BLINK.c OPTIMIZE(8,SPEED) BROWSE DEBUG OBJECTEXTEND TABS(2)

line level    source

   1          #include<reg51.h>
   2          void delay()
   3          {
   4   1        int i,j;
   5   1        for(i=0;i<10;i++)
   6   1          for(j=0;j<100;j++);
   7   1        
   8   1      }
   9          
  10          sbit LED = P2^0;
  11          
  12          void main()
  13          {
  14   1        while(1)
  15   1        {
  16   2          LED = 1;
  17   2          delay();
  18   2          LED = 0;
  19   2          delay();
  20   2        }
  21   1      }


MODULE INFORMATION:   STATIC OVERLAYABLE
   CODE SIZE        =     41    ----
   CONSTANT SIZE    =   ----    ----
   XDATA SIZE       =   ----    ----
   PDATA SIZE       =   ----    ----
   DATA SIZE        =   ----    ----
   IDATA SIZE       =   ----    ----
   BIT SIZE         =   ----    ----
END OF MODULE INFORMATION.


C51 COMPILATION COMPLETE.  0 WARNING(S),  0 ERROR(S)
